1.1 	Alive
1.2 	Dead
1.3 	Dead
1.4 	Dead
1.5 	Dead
1.6 	Dead
1.7 	Dead
1.8 	Dead
1.9 	Dead
2.1 	Dead
2.2 	Dead
2.3 	Dead
2.4 	Dead
2.5 	Dead
2.6 	Dead
2.7 	Alive
2.8 	Dead
2.9 	Dead
3.1 	Dead
3.2 	Dead
3.3 	Dead
3.4 	Dead
3.5 	Dead
3.6 	Alive
3.7 	Dead
3.8 	Dead
3.9 	Dead
4.1 	Dead
4.2 	Dead
4.3 	Dead
4.4 	Dead
4.5 	Alive
4.6 	Dead
4.7 	Dead
4.8 	Dead
4.9 	Dead
5.1 	Dead
5.2 	Dead
5.3 	Dead
5.4 	Dead
5.5 	Dead
5.6 	Dead
5.7 	Dead
5.8 	Dead
5.9 	Dead
6.1 	Dead
6.2 	Dead
6.3 	Dead
6.4 	Dead
6.5 	Dead
6.6 	Dead
6.7 	Dead
6.8 	Dead
6.9 	Dead
7.1 	Dead
7.2 	Dead
7.3 	Dead
7.4 	Dead
7.5 	Dead
7.6 	Dead
7.7 	Dead
7.8 	Dead
7.9 	Dead
8.1 	Dead
8.2 	Dead
8.3 	Dead
8.4 	Dead
8.5 	Dead
8.6 	Dead
8.7 	Dead
8.8 	Dead
8.9 	Dead
9.1 	Dead
9.2 	Dead
9.3 	Dead
9.4 	Dead
9.5 	Dead
9.6 	Dead
9.7 	Dead
9.8 	Dead
9.9 	Dead
